google-play-services_lib/build/intermediates/manifest_merge_blame_file/debug/manifest-merger-blame-debug-report.txt
1<?xml version="1.0" encoding="utf-8"?>
2<manifest xmlns:android="http://schemas.android.com/apk/res/android"
3    package="com.google.android.gms"
4    android:versionCode="4323030"
5    android:versionName="4.3.23 (1069729-030)" >
6
7    <uses-sdk android:minSdkVersion="18" />
7-->Sangeet Music Player\google-play-services_lib\AndroidManifest.xml
8
9</manifest>